<?xml version="1.0" encoding="UTF-8"?>
<!-- Generated by org.testng.reporters.JUnitXMLReporter -->
<testsuite ignored="0" hostname="DESKTOP-1BFCTLG" failures="0" tests="2" name="Error Validations" time="36.689" errors="0" timestamp="2025-03-26T20:31:50 IST">
  <testcase classname="learnFramework.tests.ErrorValidationsTest" name="loginErrorValidation" time="0.746"/>
  <testcase classname="learnFramework.tests.ErrorValidationsTest" name="wrongItem" time="7.14"/>
</testsuite> <!-- Error Validations -->
