<?xml version="1.0" encoding="UTF-8"?>
<!-- Generated by org.testng.reporters.JUnitXMLReporter -->
<testsuite ignored="0" hostname="DESKTOP-1BFCTLG" failures="0" tests="3" name="Submit Order Test" time="100.949" errors="0" timestamp="2025-03-26T20:32:54 IST">
  <testcase classname="learnFramework.tests.StandAloneTest" name="submitOrder" time="6.163"/>
  <testcase classname="learnFramework.tests.StandAloneTest" name="submitOrder" time="5.429"/>
  <testcase classname="learnFramework.tests.StandAloneTest" name="orderHistoryTest" time="0.87"/>
</testsuite> <!-- Submit Order Test -->
