<?xml version="1.0" encoding="UTF-8"?>
<!-- Generated by org.testng.reporters.JUnitXMLReporter -->
<testsuite ignored="0" hostname="DESKTOP-1BFCTLG" failures="0" tests="2" name="Error Validations" time="25.139" errors="0" timestamp="2025-03-31T16:45:59 IST">
  <testcase classname="learnFramework.tests.ErrorValidationsTest" name="loginErrorValidation" time="0.967"/>
  <testcase classname="learnFramework.tests.ErrorValidationsTest" name="wrongItem" time="8.671"/>
</testsuite> <!-- Error Validations -->
