<?xml version="1.0" encoding="UTF-8"?>
<!-- Generated by org.testng.reporters.JUnitXMLReporter -->
<testsuite ignored="0" hostname="DESKTOP-1BFCTLG" failures="0" tests="3" name="Submit Order Test" time="38.453" errors="0" timestamp="2025-03-31T16:46:11 IST">
  <testcase classname="learnFramework.tests.StandAloneTest" name="submitOrder" time="7.896"/>
  <testcase classname="learnFramework.tests.StandAloneTest" name="submitOrder" time="7.36"/>
  <testcase classname="learnFramework.tests.StandAloneTest" name="orderHistoryTest" time="1.989"/>
</testsuite> <!-- Submit Order Test -->
