<?xml version="1.0" encoding="UTF-8"?>
<testng-results ignored="0" total="5" passed="5" failed="0" skipped="0">
  <reporter-output>
  </reporter-output>
  <suite started-at="2025-03-31T16:45:33 IST" name="Suite" finished-at="2025-03-31T16:46:11 IST" duration-ms="38453">
    <groups>
      <group name="ErrorHandling">
        <method signature="ErrorValidationsTest.loginErrorValidation()[pri:0, instance:learnFramework.tests.ErrorValidationsTest@68746f22]" name="loginErrorValidation" class="learnFramework.tests.ErrorValidationsTest"/>
      </group> <!-- ErrorHandling -->
      <group name="Purchase">
        <method signature="StandAloneTest.submitOrder(java.util.HashMap)[pri:0, instance:learnFramework.tests.StandAloneTest@34bde49d]" name="submitOrder" class="learnFramework.tests.StandAloneTest"/>
      </group> <!-- Purchase -->
    </groups>
    <test started-at="2025-03-31T16:45:33 IST" name="Error Validations" finished-at="2025-03-31T16:45:58 IST" duration-ms="25139">
      <class name="learnFramework.tests.ErrorValidationsTest">
        <test-method is-config="true" signature="launchApplication()[pri:0, instance:learnFramework.tests.ErrorValidationsTest@68746f22]" started-at="2025-03-31T16:45:33 IST" name="launchApplication" finished-at="2025-03-31T16:45:39 IST" duration-ms="5787" status="PASS">
          <reporter-output>
          </reporter-output>
        </test-method> <!-- launchApplication -->
        <test-method signature="loginErrorValidation()[pri:0, instance:learnFramework.tests.ErrorValidationsTest@68746f22]" started-at="2025-03-31T16:45:39 IST" name="loginErrorValidation" finished-at="2025-03-31T16:45:39 IST" duration-ms="967" status="PASS">
          <reporter-output>
          </reporter-output>
        </test-method> <!-- loginErrorValidation -->
        <test-method is-config="true" signature="tearDown()[pri:0, instance:learnFramework.tests.ErrorValidationsTest@68746f22]" started-at="2025-03-31T16:45:40 IST" name="tearDown" finished-at="2025-03-31T16:45:42 IST" duration-ms="2341" status="PASS">
          <reporter-output>
          </reporter-output>
        </test-method> <!-- tearDown -->
        <test-method is-config="true" signature="launchApplication()[pri:0, instance:learnFramework.tests.ErrorValidationsTest@68746f22]" started-at="2025-03-31T16:45:42 IST" name="launchApplication" finished-at="2025-03-31T16:45:45 IST" duration-ms="2847" status="PASS">
          <reporter-output>
          </reporter-output>
        </test-method> <!-- launchApplication -->
        <test-method signature="wrongItem()[pri:0, instance:learnFramework.tests.ErrorValidationsTest@68746f22]" started-at="2025-03-31T16:45:45 IST" name="wrongItem" finished-at="2025-03-31T16:45:53 IST" duration-ms="8671" status="PASS">
          <reporter-output>
          </reporter-output>
        </test-method> <!-- wrongItem -->
        <test-method is-config="true" signature="tearDown()[pri:0, instance:learnFramework.tests.ErrorValidationsTest@68746f22]" started-at="2025-03-31T16:45:53 IST" name="tearDown" finished-at="2025-03-31T16:45:58 IST" duration-ms="4430" status="PASS">
          <reporter-output>
          </reporter-output>
        </test-method> <!-- tearDown -->
      </class> <!-- learnFramework.tests.ErrorValidationsTest -->
    </test> <!-- Error Validations -->
    <test started-at="2025-03-31T16:45:33 IST" name="Submit Order Test" finished-at="2025-03-31T16:46:11 IST" duration-ms="38453">
      <class name="learnFramework.tests.StandAloneTest">
        <test-method is-config="true" signature="launchApplication()[pri:0, instance:learnFramework.tests.StandAloneTest@34bde49d]" started-at="2025-03-31T16:45:33 IST" name="launchApplication" finished-at="2025-03-31T16:45:37 IST" duration-ms="3502" status="PASS">
          <reporter-output>
          </reporter-output>
        </test-method> <!-- launchApplication -->
        <test-method signature="submitOrder(java.util.HashMap)[pri:0, instance:learnFramework.tests.StandAloneTest@34bde49d]" started-at="2025-03-31T16:45:37 IST" name="submitOrder" data-provider="getData" finished-at="2025-03-31T16:45:45 IST" duration-ms="7896" status="PASS">
          <params>
            <param index="0">
              <value>
                <![CDATA[{password=India@123, product=ZARA COAT 3, email=test@sometest.com}]]>
              </value>
            </param>
          </params>
          <reporter-output>
          </reporter-output>
        </test-method> <!-- submitOrder -->
        <test-method is-config="true" signature="tearDown()[pri:0, instance:learnFramework.tests.StandAloneTest@34bde49d]" started-at="2025-03-31T16:45:45 IST" name="tearDown" finished-at="2025-03-31T16:45:47 IST" duration-ms="2546" status="PASS">
          <reporter-output>
          </reporter-output>
        </test-method> <!-- tearDown -->
        <test-method is-config="true" signature="launchApplication()[pri:0, instance:learnFramework.tests.StandAloneTest@34bde49d]" started-at="2025-03-31T16:45:47 IST" name="launchApplication" finished-at="2025-03-31T16:45:51 IST" duration-ms="4127" status="PASS">
          <reporter-output>
          </reporter-output>
        </test-method> <!-- launchApplication -->
        <test-method signature="submitOrder(java.util.HashMap)[pri:0, instance:learnFramework.tests.StandAloneTest@34bde49d]" started-at="2025-03-31T16:45:51 IST" name="submitOrder" data-provider="getData" finished-at="2025-03-31T16:45:59 IST" duration-ms="7360" status="PASS">
          <params>
            <param index="0">
              <value>
                <![CDATA[{password=Iamking@000, product=ADIDAS ORIGINAL, email=shetty@gmail.com}]]>
              </value>
            </param>
          </params>
          <reporter-output>
          </reporter-output>
        </test-method> <!-- submitOrder -->
        <test-method is-config="true" signature="tearDown()[pri:0, instance:learnFramework.tests.StandAloneTest@34bde49d]" started-at="2025-03-31T16:45:59 IST" name="tearDown" finished-at="2025-03-31T16:46:01 IST" duration-ms="2400" status="PASS">
          <reporter-output>
          </reporter-output>
        </test-method> <!-- tearDown -->
        <test-method is-config="true" signature="launchApplication()[pri:0, instance:learnFramework.tests.StandAloneTest@34bde49d]" started-at="2025-03-31T16:46:01 IST" name="launchApplication" finished-at="2025-03-31T16:46:07 IST" duration-ms="5772" status="PASS">
          <reporter-output>
          </reporter-output>
        </test-method> <!-- launchApplication -->
        <test-method signature="orderHistoryTest()[pri:0, instance:learnFramework.tests.StandAloneTest@34bde49d]" started-at="2025-03-31T16:46:07 IST" name="orderHistoryTest" finished-at="2025-03-31T16:46:09 IST" depends-on-methods="learnFramework.tests.StandAloneTest.submitOrder" duration-ms="1989" status="PASS">
          <reporter-output>
          </reporter-output>
        </test-method> <!-- orderHistoryTest -->
        <test-method is-config="true" signature="tearDown()[pri:0, instance:learnFramework.tests.StandAloneTest@34bde49d]" started-at="2025-03-31T16:46:09 IST" name="tearDown" finished-at="2025-03-31T16:46:11 IST" duration-ms="2306" status="PASS">
          <reporter-output>
          </reporter-output>
        </test-method> <!-- tearDown -->
      </class> <!-- learnFramework.tests.StandAloneTest -->
    </test> <!-- Submit Order Test -->
  </suite> <!-- Suite -->
</testng-results>
